#-----------------------------------------------------------
# Vivado v2020.2 (64-bit)
# SW Build 3064766 on Wed Nov 18 09:12:45 MST 2020
# IP Build 3064653 on Wed Nov 18 14:17:31 MST 2020
# Start of session at: Thu Apr 20 20:07:59 2023
# Process ID: 23216
# Current directory: C:/Users/edach/Documents/digital-electronics1/digital-electronics1/projekt/UART
# Command line: vivado.exe -gui_launcher_event rodinguilauncherevent23920 C:\Users\edach\Documents\digital-electronics1\digital-electronics1\projekt\UART\UART.xpr
# Log file: C:/Users/edach/Documents/digital-electronics1/digital-electronics1/projekt/UART/vivado.log
# Journal file: C:/Users/edach/Documents/digital-electronics1/digital-electronics1/projekt/UART\vivado.jou
#-----------------------------------------------------------
start_gui
open_project C:/Users/edach/Documents/digital-electronics1/digital-electronics1/projekt/UART/UART.xpr
WARNING: [filemgmt 56-3] Default IP Output Path : Could not find the directory 'C:/Users/edach/Documents/digital-electronics1/digital-electronics1/projekt/UART/UART.gen/sources_1'.
Scanning sources...
Finished scanning sources
INFO: [IP_Flow 19-234] Refreshing IP repositories
INFO: [IP_Flow 19-1704] No user IP repositories specified
INFO: [IP_Flow 19-2313] Loaded Vivado IP repository 'C:/Xilinx/Vivado/2020.2/data/ip'.
exit
INFO: [Common 17-206] Exiting Vivado at Thu Apr 20 20:29:02 2023...
