#-----------------------------------------------------------
# Vivado v2020.2 (64-bit)
# SW Build 3064766 on Wed Nov 18 09:12:45 MST 2020
# IP Build 3064653 on Wed Nov 18 14:17:31 MST 2020
# Start of session at: Fri Apr 21 10:12:18 2023
# Process ID: 26504
# Current directory: C:/Users/edach/Documents/digital-electronics1/digital-electronics1/projekt/UART
# Command line: vivado.exe -gui_launcher_event rodinguilauncherevent22492 C:\Users\edach\Documents\digital-electronics1\digital-electronics1\projekt\UART\UART.xpr
# Log file: C:/Users/edach/Documents/digital-electronics1/digital-electronics1/projekt/UART/vivado.log
# Journal file: C:/Users/edach/Documents/digital-electronics1/digital-electronics1/projekt/UART\vivado.jou
#-----------------------------------------------------------
start_gui
open_project C:/Users/edach/Documents/digital-electronics1/digital-electronics1/projekt/UART/UART.xpr
WARNING: [filemgmt 56-3] Default IP Output Path : Could not find the directory 'C:/Users/edach/Documents/digital-electronics1/digital-electronics1/projekt/UART/UART.gen/sources_1'.
Scanning sources...
Finished scanning sources
INFO: [IP_Flow 19-234] Refreshing IP repositories
INFO: [IP_Flow 19-1704] No user IP repositories specified
INFO: [IP_Flow 19-2313] Loaded Vivado IP repository 'C:/Xilinx/Vivado/2020.2/data/ip'.
close [ open C:/Users/edach/Documents/digital-electronics1/digital-electronics1/projekt/UART/UART.srcs/sources_1/new/top.vhd w ]
add_files C:/Users/edach/Documents/digital-electronics1/digital-electronics1/projekt/UART/UART.srcs/sources_1/new/top.vhd
set_property top top [current_fileset]
export_ip_user_files -of_objects  [get_files C:/Users/edach/Documents/digital-electronics1/digital-electronics1/projekt/UART/UART.srcs/sources_1/new/bi_7seg.vhd] -no_script -reset -force -quiet
remove_files  C:/Users/edach/Documents/digital-electronics1/digital-electronics1/projekt/UART/UART.srcs/sources_1/new/bi_7seg.vhd
add_files -norecurse C:/Users/edach/Documents/digital-electronics1/digital-electronics1/projekt/UART/UART.srcs/sources_1/new/hex_7seg.vhd
exit
INFO: [Common 17-206] Exiting Vivado at Fri Apr 21 11:34:31 2023...
